<?xml version="1.0" encoding="UTF-8"?>
<!-- Generated by org.testng.reporters.JUnitReportReporter -->
<testsuite hostname="VIKAS_DADI" failures="0" tests="1" name="com.automation.Testcases.loginTestApplication" time="8.783" errors="0" timestamp="2022-09-28T00:02:17 IST" skipped="0">
  <testcase classname="com.automation.Testcases.loginTestApplication" name="loginApp" time="8.783"/>
  <system-out/>
</testsuite> <!-- com.automation.Testcases.loginTestApplication -->
