<?xml version="1.0" encoding="UTF-8"?>
<!-- Generated by org.testng.reporters.JUnitReportReporter -->
<testsuite hostname="VIKAS_DADI" failures="0" tests="1" name="com.automation.Pages.loginPage" time="2.612" errors="0" timestamp="2022-09-27T19:43:59 IST" skipped="0">
  <testcase classname="com.automation.Pages.loginPage" name="login" time="2.612"/>
  <system-out/>
</testsuite> <!-- com.automation.Pages.loginPage -->
